<?xml version="1.0" encoding="UTF-8"?>
<testsuite name="com.romannumeralconverter.ArabicNumeralConverterTest" tests="34" skipped="0" failures="0" errors="0" timestamp="2017-07-25T18:40:21" hostname="DESKTOP-J7R3U31" time="0.137">
  <properties/>
  <testcase name="testIfCurrentDigitIsLessThan4AddDigitEquivalentToRomanNumeralConcatenationWhenDigitIsInHundredsPlace" classname="com.romannumeralconverter.ArabicNumeralConverterTest" time="0.003"/>
  <testcase name="testGetIsValidAndSetIsValid" classname="com.romannumeralconverter.ArabicNumeralConverterTest" time="0.002"/>
  <testcase name="testGetUserInputAndSetUserInput" classname="com.romannumeralconverter.ArabicNumeralConverterTest" time="0.004"/>
  <testcase name="testIfCurrentDigitIsA9Add9EquivalentToRomanNumeralConcatenationWhen9IsInHundredsPlace" classname="com.romannumeralconverter.ArabicNumeralConverterTest" time="0.002"/>
  <testcase name="testVerifyInputIsArabicNumeralBetween1And3999WhenUserInputIs0" classname="com.romannumeralconverter.ArabicNumeralConverterTest" time="0.0"/>
  <testcase name="testVerifyInputIsArabicNumeralBetween1And3999WhenUserInputIs1" classname="com.romannumeralconverter.ArabicNumeralConverterTest" time="0.0"/>
  <testcase name="testSetArabicNumeralAndGetArabicNumeral" classname="com.romannumeralconverter.ArabicNumeralConverterTest" time="0.002"/>
  <testcase name="testSetRomanNumeralConcatenationAndGetRomanNumeralConcatenation" classname="com.romannumeralconverter.ArabicNumeralConverterTest" time="0.001"/>
  <testcase name="testIfCurrentDigitIsA9Add9EquivalentToRomanNumeralConcatenationWhen9IsInOnesPlace" classname="com.romannumeralconverter.ArabicNumeralConverterTest" time="0.002"/>
  <testcase name="returnMDCLXVIifArabicNumeralIs1666AndReturnArabicNumeralConvertedToRomanNumeralMethodIsCalled" classname="com.romannumeralconverter.ArabicNumeralConverterTest" time="0.004"/>
  <testcase name="testIfCurrentDigitIsA9Add9EquivalentToRomanNumeralConcatenationWhen9IsInTensPlace" classname="com.romannumeralconverter.ArabicNumeralConverterTest" time="0.001"/>
  <testcase name="testVerifyInputIsArabicNumeralBetween1And3999WhenUserInputIsME262" classname="com.romannumeralconverter.ArabicNumeralConverterTest" time="0.0"/>
  <testcase name="testGetDigitArrayForAllDigitArrayValuesWhenArabicNumeralIsSetTo1666AndSplitArabicNumeralIntoDigitArrayIsCalled" classname="com.romannumeralconverter.ArabicNumeralConverterTest" time="0.001"/>
  <testcase name="testNextDigitPlaceValue" classname="com.romannumeralconverter.ArabicNumeralConverterTest" time="0.003"/>
  <testcase name="testCurrentDigitPlaceValueWhenPlaceValueShouldBe100" classname="com.romannumeralconverter.ArabicNumeralConverterTest" time="0.003"/>
  <testcase name="testIfCurrentDigitIsLessThan9AndGreaterThanOrEqualTo5AddDigitEquivalentToRomanNumeralConcatenationWhenCurrentDigitPlaceValueIsOnes" classname="com.romannumeralconverter.ArabicNumeralConverterTest" time="0.006"/>
  <testcase name="testIfCurrentDigitIsLessThan9AndGreaterThanOrEqualTo5AddDigitEquivalentToRomanNumeralConcatenationWhenCurrentDigitPlaceValueIsTens" classname="com.romannumeralconverter.ArabicNumeralConverterTest" time="0.001"/>
  <testcase name="testIfCurrentDigitIsA4Add4EquivalentToRomanNumeralConcatenationWhen4IsInOnesPlace" classname="com.romannumeralconverter.ArabicNumeralConverterTest" time="0.002"/>
  <testcase name="returnMMMCMXCIXifArabicNumeralIs3999AndReturnArabicNumeralConvertedToRomanNumeralMethodIsCalled" classname="com.romannumeralconverter.ArabicNumeralConverterTest" time="0.001"/>
  <testcase name="testVerifyInputIsArabicNumeralBetween1And3999WhenUserInputIs3999" classname="com.romannumeralconverter.ArabicNumeralConverterTest" time="0.001"/>
  <testcase name="testVerifyInputIsArabicNumeralBetween1And3999WhenUserInputIs4000" classname="com.romannumeralconverter.ArabicNumeralConverterTest" time="0.0"/>
  <testcase name="testIfCurrentDigitIsA4Add4EquivalentToRomanNumeralConcatenationWhen4IsInHundredsPlace" classname="com.romannumeralconverter.ArabicNumeralConverterTest" time="0.004"/>
  <testcase name="ifRomanNumeralSymbolForIsPassedA1ReturnI" classname="com.romannumeralconverter.ArabicNumeralConverterTest" time="0.003"/>
  <testcase name="returnMCMXLVIIifArabicNumeralIs1947AndReturnArabicNumeralConvertedToRomanNumeralMethodIsCalled" classname="com.romannumeralconverter.ArabicNumeralConverterTest" time="0.004"/>
  <testcase name="testSetCurrentDigitValueAndGetCurrentDigitValue" classname="com.romannumeralconverter.ArabicNumeralConverterTest" time="0.002"/>
  <testcase name="testCurrentDigitPlaceValueForAllValues" classname="com.romannumeralconverter.ArabicNumeralConverterTest" time="0.002"/>
  <testcase name="testGetDigitArrayWhenArabicNumeralIsSetTo1666" classname="com.romannumeralconverter.ArabicNumeralConverterTest" time="0.0"/>
  <testcase name="testIfCurrentDigitIsA4Add4EquivalentToRomanNumeralConcatenationWhen4IsInTensPlace" classname="com.romannumeralconverter.ArabicNumeralConverterTest" time="0.001"/>
  <testcase name="testSetCurrentDigitIndexAndGetCurrentDigitIndex" classname="com.romannumeralconverter.ArabicNumeralConverterTest" time="0.0"/>
  <testcase name="testIfCurrentDigitIsLessThan4AddDigitEquivalentToRomanNumeralConcatenationWhenDigitIsInOnesPlace" classname="com.romannumeralconverter.ArabicNumeralConverterTest" time="0.002"/>
  <testcase name="ifRomanNumeralSymbolForIsPassedADigitReturnItsRomanNumeralEquivalent" classname="com.romannumeralconverter.ArabicNumeralConverterTest" time="0.005"/>
  <testcase name="testIfCurrentDigitIsLessThan9AndGreaterThanOrEqualTo5AddDigitEquivalentToRomanNumeralConcatenationWhenCurrentDigitPlaceValueIsHundreds" classname="com.romannumeralconverter.ArabicNumeralConverterTest" time="0.0"/>
  <testcase name="testIfCurrentDigitIsLessThan4AddDigitEquivalentToRomanNumeralConcatenationWhenDigitIsInTensPlace" classname="com.romannumeralconverter.ArabicNumeralConverterTest" time="0.001"/>
  <testcase name="returnIifArabicNumeralIs1AndReturnArabicNumeralConvertedToRomanNumeralMethodIsCalled" classname="com.romannumeralconverter.ArabicNumeralConverterTest" time="0.0"/>
  <system-out><![CDATA[]]></system-out>
  <system-err><![CDATA[]]></system-err>
</testsuite>
